Drill report for Spotify_controller.kicad_pcb
Created on 11/23/2023 8:28:24 PM

Copper Layer Stackup:
    =============================================================
    L1 :  F.Cu                      front
    L2 :  B.Cu                      back


Drill file 'Spotify_controller-PTH-drl.gbr' contains
    plated through holes:
    =============================================================
    T1  0.600mm  0.0236"  (18 holes)
    T2  0.650mm  0.0256"  (18 holes)
    T3  0.800mm  0.0315"  (49 holes)
    T4  0.800mm  0.0315"  (54 holes)
    T5  0.900mm  0.0354"  (5 holes)
    T6  1.000mm  0.0394"  (23 holes)
    T7  1.100mm  0.0433"  (24 holes)
    T8  1.300mm  0.0512"  (2 holes)
    T9  1.500mm  0.0591"  (2 holes)  (with 2 slots)

    Total plated holes count 195


Drill file 'Spotify_controller-NPTH-drl.gbr' contains
    unplated through holes:
    =============================================================
    T1  0.600mm  0.0236"  (2 holes)
    T2  1.000mm  0.0394"  (8 holes)
    T3  2.700mm  0.1063"  (6 holes)

    Total unplated holes count 16
